0 info it worked if it ends with ok
1 verbose cli [ 'C:\\Program Files\\nodejs\\\\node.exe',
1 verbose cli   'C:\\Program Files\\nodejs\\node_modules\\npm\\bin\\npm-cli.js',
1 verbose cli   'i',
1 verbose cli   '-S',
1 verbose cli   'pty.js' ]
2 info using npm@2.11.3
3 info using node@v0.12.7
4 verbose install initial load of C:\P\fireterm\package.json
5 warn package.json fireterm@1.0.0 No description
6 warn package.json fireterm@1.0.0 No repository field.
7 warn package.json fireterm@1.0.0 No README data
8 verbose installManyTop reading scoped package data from C:\P\fireterm\node_modules\babel\package.json
9 verbose installManyTop reading scoped package data from C:\P\fireterm\node_modules\babel-core\package.json
10 verbose installManyTop reading scoped package data from C:\P\fireterm\node_modules\babel-loader\package.json
11 verbose installManyTop reading scoped package data from C:\P\fireterm\node_modules\firebase\package.json
12 verbose installManyTop reading scoped package data from C:\P\fireterm\node_modules\term.js\package.json
13 verbose installManyTop reading scoped package data from C:\P\fireterm\node_modules\webpack\package.json
14 verbose installManyTop reading scoped package data from C:\P\fireterm\node_modules\webpack-dev-server\package.json
15 info package.json firebase@2.2.9 No license field.
16 verbose readDependencies loading dependencies from C:\P\fireterm\package.json
17 silly cache add args [ 'pty.js', null ]
18 verbose cache add spec pty.js
19 silly cache add parsed spec { raw: 'pty.js',
19 silly cache add   scope: null,
19 silly cache add   name: 'pty.js',
19 silly cache add   rawSpec: '',
19 silly cache add   spec: '*',
19 silly cache add   type: 'range' }
20 silly addNamed pty.js@*
21 verbose addNamed "*" is a valid semver range for pty.js
22 silly addNameRange { name: 'pty.js', range: '*', hasData: false }
23 silly mapToRegistry name pty.js
24 silly mapToRegistry using default registry
25 silly mapToRegistry registry https://registry.npmjs.org/
26 silly mapToRegistry uri https://registry.npmjs.org/pty.js
27 verbose addNameRange registry:https://registry.npmjs.org/pty.js not in flight; fetching
28 verbose request uri https://registry.npmjs.org/pty.js
29 verbose request no auth needed
30 info attempt registry request try #1 at 01:42:19
31 verbose request id 9737bdb935091190
32 http request GET https://registry.npmjs.org/pty.js
33 http 200 https://registry.npmjs.org/pty.js
34 silly get cb [ 200,
34 silly get   { server: 'CouchDB/1.5.0 (Erlang OTP/R16B03)',
34 silly get     etag: '"52Z6QPSCM48U1FO4G39E8X9GU"',
34 silly get     'content-type': 'application/json',
34 silly get     'cache-control': 'max-age=60',
34 silly get     'content-length': '31414',
34 silly get     'accept-ranges': 'bytes',
34 silly get     date: 'Tue, 25 Aug 2015 22:42:37 GMT',
34 silly get     via: '1.1 varnish',
34 silly get     age: '0',
34 silly get     connection: 'keep-alive',
34 silly get     'x-served-by': 'cache-ams4146-AMS',
34 silly get     'x-cache': 'HIT',
34 silly get     'x-cache-hits': '1',
34 silly get     'x-timer': 'S1440542557.486975,VS0,VE379',
34 silly get     vary: 'Accept' } ]
35 verbose get saving pty.js to C:\Users\uri\AppData\Roaming\npm-cache\registry.npmjs.org\pty.js\.cache.json
36 silly addNameRange number 2 { name: 'pty.js', range: '*', hasData: true }
37 silly addNameRange versions [ 'pty.js',
37 silly addNameRange   [ '0.0.1',
37 silly addNameRange     '0.0.2',
37 silly addNameRange     '0.0.3',
37 silly addNameRange     '0.0.4',
37 silly addNameRange     '0.0.5',
37 silly addNameRange     '0.0.6',
37 silly addNameRange     '0.0.6-1',
37 silly addNameRange     '0.0.7',
37 silly addNameRange     '0.0.8',
37 silly addNameRange     '0.0.9',
37 silly addNameRange     '0.1.0',
37 silly addNameRange     '0.1.1',
37 silly addNameRange     '0.1.2',
37 silly addNameRange     '0.1.3',
37 silly addNameRange     '0.2.0',
37 silly addNameRange     '0.2.1',
37 silly addNameRange     '0.2.2',
37 silly addNameRange     '0.2.3',
37 silly addNameRange     '0.2.4',
37 silly addNameRange     '0.2.5',
37 silly addNameRange     '0.2.6',
37 silly addNameRange     '0.2.7-1',
37 silly addNameRange     '0.2.8',
37 silly addNameRange     '0.2.9',
37 silly addNameRange     '0.2.10',
37 silly addNameRange     '0.2.11',
37 silly addNameRange     '0.2.12',
37 silly addNameRange     '0.2.13',
37 silly addNameRange     '0.3.0' ] ]
38 silly addNamed pty.js@0.3.0
39 verbose addNamed "0.3.0" is a plain semver version for pty.js
40 silly mapToRegistry name pty.js
41 silly mapToRegistry using default registry
42 silly mapToRegistry registry https://registry.npmjs.org/
43 silly mapToRegistry uri https://registry.npmjs.org/pty.js
44 verbose addRemoteTarball https://registry.npmjs.org/pty.js/-/pty.js-0.3.0.tgz not in flight; adding
45 verbose addRemoteTarball [ 'https://registry.npmjs.org/pty.js/-/pty.js-0.3.0.tgz',
45 verbose addRemoteTarball   '95c5c4a5a4f674cda7d51264b5a4363b6f409a3d' ]
46 info retry fetch attempt 1 at 01:42:20
47 info attempt registry request try #1 at 01:42:20
48 http fetch GET https://registry.npmjs.org/pty.js/-/pty.js-0.3.0.tgz
49 http fetch 200 https://registry.npmjs.org/pty.js/-/pty.js-0.3.0.tgz
50 silly fetchAndShaCheck shasum 95c5c4a5a4f674cda7d51264b5a4363b6f409a3d
51 verbose addTmpTarball C:\Users\uri\AppData\Local\Temp\npm-6012-91d4bbd3\registry.npmjs.org\pty.js\-\pty.js-0.3.0.tgz not in flight; adding
52 verbose addTmpTarball already have metadata; skipping unpack for pty.js@0.3.0
53 silly cache afterAdd pty.js@0.3.0
54 verbose afterAdd C:\Users\uri\AppData\Roaming\npm-cache\pty.js\0.3.0\package\package.json not in flight; writing
55 verbose afterAdd C:\Users\uri\AppData\Roaming\npm-cache\pty.js\0.3.0\package\package.json written
56 silly install resolved [ { name: 'pty.js',
56 silly install resolved     description: 'Pseudo terminals for node.',
56 silly install resolved     author: { name: 'Christopher Jeffrey' },
56 silly install resolved     version: '0.3.0',
56 silly install resolved     license: 'MIT',
56 silly install resolved     main: './index.js',
56 silly install resolved     repository: { type: 'git', url: 'git://github.com/chjj/pty.js.git' },
56 silly install resolved     homepage: 'https://github.com/chjj/pty.js',
56 silly install resolved     bugs: { url: 'https://github.com/chjj/pty.js/issues' },
56 silly install resolved     keywords: [ 'pty', 'tty', 'terminal' ],
56 silly install resolved     scripts:
56 silly install resolved      { test: 'NODE_ENV=test mocha -R spec',
56 silly install resolved        install: 'node-gyp rebuild' },
56 silly install resolved     tags: [ 'pty', 'tty', 'terminal' ],
56 silly install resolved     dependencies: { extend: '~1.2.1', nan: '2.0.5' },
56 silly install resolved     devDependencies: { mocha: '~1.17.1' },
56 silly install resolved     gypfile: true,
56 silly install resolved     gitHead: '70f07997cccfa36a523d973771e342f41f50c87c',
56 silly install resolved     _id: 'pty.js@0.3.0',
56 silly install resolved     _shasum: '95c5c4a5a4f674cda7d51264b5a4363b6f409a3d',
56 silly install resolved     _from: 'pty.js@*',
56 silly install resolved     _npmVersion: '2.14.0',
56 silly install resolved     _nodeVersion: '0.12.7',
56 silly install resolved     _npmUser: { name: 'chjj', email: 'chjjeffrey@gmail.com' },
56 silly install resolved     maintainers: [ [Object], [Object], [Object] ],
56 silly install resolved     dist:
56 silly install resolved      { shasum: '95c5c4a5a4f674cda7d51264b5a4363b6f409a3d',
56 silly install resolved        tarball: 'http://registry.npmjs.org/pty.js/-/pty.js-0.3.0.tgz' },
56 silly install resolved     directories: {},
56 silly install resolved     _resolved: 'https://registry.npmjs.org/pty.js/-/pty.js-0.3.0.tgz' } ]
57 info install pty.js@0.3.0 into C:\P\fireterm
58 info installOne pty.js@0.3.0
59 verbose installOne of pty.js to C:\P\fireterm not in flight; installing
60 verbose lock using C:\Users\uri\AppData\Roaming\npm-cache\_locks\pty-js-680f912ffb47a79d.lock for C:\P\fireterm\node_modules\pty.js
61 silly install write writing pty.js 0.3.0 to C:\P\fireterm\node_modules\pty.js
62 verbose unbuild node_modules\pty.js
63 silly gentlyRm C:\P\fireterm\node_modules\pty.js is being purged from base C:\P\fireterm
64 verbose gentlyRm don't care about contents; nuking C:\P\fireterm\node_modules\pty.js
65 verbose tar unpack C:\Users\uri\AppData\Roaming\npm-cache\pty.js\0.3.0\package.tgz
66 verbose tar unpacking to C:\P\fireterm\node_modules\pty.js
67 silly gentlyRm C:\P\fireterm\node_modules\pty.js is being purged
68 verbose gentlyRm don't care about contents; nuking C:\P\fireterm\node_modules\pty.js
69 silly gunzTarPerm modes [ '777', '666' ]
70 silly gunzTarPerm extractEntry package.json
71 silly gunzTarPerm modified mode [ 'package.json', 420, 438 ]
72 silly gunzTarPerm extractEntry .npmignore
73 silly gunzTarPerm modified mode [ '.npmignore', 420, 438 ]
74 silly gunzTarPerm extractEntry README.md
75 silly gunzTarPerm modified mode [ 'README.md', 420, 438 ]
76 silly gunzTarPerm extractEntry LICENSE
77 silly gunzTarPerm modified mode [ 'LICENSE', 420, 438 ]
78 silly gunzTarPerm extractEntry index.js
79 silly gunzTarPerm modified mode [ 'index.js', 420, 438 ]
80 silly gunzTarPerm extractEntry deps/winpty/LICENSE
81 silly gunzTarPerm modified mode [ 'deps/winpty/LICENSE', 420, 438 ]
82 silly gunzTarPerm extractEntry deps/winpty/winpty.gyp
83 silly gunzTarPerm modified mode [ 'deps/winpty/winpty.gyp', 420, 438 ]
84 silly gunzTarPerm extractEntry deps/winpty/Notes.txt
85 silly gunzTarPerm modified mode [ 'deps/winpty/Notes.txt', 420, 438 ]
86 silly gunzTarPerm extractEntry deps/winpty/README.rst
87 silly gunzTarPerm modified mode [ 'deps/winpty/README.rst', 420, 438 ]
88 silly gunzTarPerm extractEntry deps/winpty/agent/EventLoop.h
89 silly gunzTarPerm modified mode [ 'deps/winpty/agent/EventLoop.h', 420, 438 ]
90 silly gunzTarPerm extractEntry deps/winpty/agent/Agent.cc
91 silly gunzTarPerm modified mode [ 'deps/winpty/agent/Agent.cc', 420, 438 ]
92 silly gunzTarPerm extractEntry deps/winpty/agent/AgentAssert.cc
93 silly gunzTarPerm modified mode [ 'deps/winpty/agent/AgentAssert.cc', 420, 438 ]
94 silly gunzTarPerm extractEntry deps/winpty/agent/AgentAssert.h
95 silly gunzTarPerm modified mode [ 'deps/winpty/agent/AgentAssert.h', 420, 438 ]
96 silly gunzTarPerm extractEntry deps/winpty/agent/ConsoleInput.cc
97 silly gunzTarPerm modified mode [ 'deps/winpty/agent/ConsoleInput.cc', 420, 438 ]
98 silly gunzTarPerm extractEntry deps/winpty/agent/ConsoleInput.h
99 silly gunzTarPerm modified mode [ 'deps/winpty/agent/ConsoleInput.h', 420, 438 ]
100 silly gunzTarPerm extractEntry deps/winpty/agent/Coord.cc
101 silly gunzTarPerm modified mode [ 'deps/winpty/agent/Coord.cc', 420, 438 ]
102 silly gunzTarPerm extractEntry deps/winpty/agent/Coord.h
103 silly gunzTarPerm modified mode [ 'deps/winpty/agent/Coord.h', 420, 438 ]
104 silly gunzTarPerm extractEntry deps/winpty/agent/DsrSender.h
105 silly gunzTarPerm modified mode [ 'deps/winpty/agent/DsrSender.h', 420, 438 ]
106 silly gunzTarPerm extractEntry deps/winpty/agent/EventLoop.cc
107 silly gunzTarPerm modified mode [ 'deps/winpty/agent/EventLoop.cc', 420, 438 ]
108 silly gunzTarPerm extractEntry deps/winpty/agent/Agent.h
109 silly gunzTarPerm modified mode [ 'deps/winpty/agent/Agent.h', 420, 438 ]
110 silly gunzTarPerm extractEntry deps/winpty/agent/Makefile
111 silly gunzTarPerm modified mode [ 'deps/winpty/agent/Makefile', 420, 438 ]
112 silly gunzTarPerm extractEntry deps/winpty/agent/NamedPipe.cc
113 silly gunzTarPerm modified mode [ 'deps/winpty/agent/NamedPipe.cc', 420, 438 ]
114 silly gunzTarPerm extractEntry deps/winpty/agent/NamedPipe.h
115 silly gunzTarPerm modified mode [ 'deps/winpty/agent/NamedPipe.h', 420, 438 ]
116 silly gunzTarPerm extractEntry deps/winpty/agent/SmallRect.cc
117 silly gunzTarPerm modified mode [ 'deps/winpty/agent/SmallRect.cc', 420, 438 ]
118 silly gunzTarPerm extractEntry deps/winpty/agent/SmallRect.h
119 silly gunzTarPerm modified mode [ 'deps/winpty/agent/SmallRect.h', 420, 438 ]
120 silly gunzTarPerm extractEntry deps/winpty/agent/Terminal.cc
121 silly gunzTarPerm modified mode [ 'deps/winpty/agent/Terminal.cc', 420, 438 ]
122 silly gunzTarPerm extractEntry deps/winpty/agent/Terminal.h
123 silly gunzTarPerm modified mode [ 'deps/winpty/agent/Terminal.h', 420, 438 ]
124 silly gunzTarPerm extractEntry deps/winpty/agent/Win32Console.cc
125 silly gunzTarPerm modified mode [ 'deps/winpty/agent/Win32Console.cc', 420, 438 ]
126 silly gunzTarPerm extractEntry deps/winpty/agent/Win32Console.h
127 silly gunzTarPerm modified mode [ 'deps/winpty/agent/Win32Console.h', 420, 438 ]
128 silly gunzTarPerm extractEntry deps/winpty/agent/main.cc
129 silly gunzTarPerm modified mode [ 'deps/winpty/agent/main.cc', 420, 438 ]
130 silly gunzTarPerm extractEntry deps/winpty/config.mk
131 silly gunzTarPerm modified mode [ 'deps/winpty/config.mk', 420, 438 ]
132 silly gunzTarPerm extractEntry deps/winpty/Makefile
133 silly gunzTarPerm modified mode [ 'deps/winpty/Makefile', 420, 438 ]
134 silly gunzTarPerm extractEntry deps/winpty/include/winpty.h
135 silly gunzTarPerm modified mode [ 'deps/winpty/include/winpty.h', 420, 438 ]
136 silly gunzTarPerm extractEntry deps/winpty/libwinpty/Makefile
137 silly gunzTarPerm modified mode [ 'deps/winpty/libwinpty/Makefile', 420, 438 ]
138 silly gunzTarPerm extractEntry deps/winpty/libwinpty/winpty.cc
139 silly gunzTarPerm modified mode [ 'deps/winpty/libwinpty/winpty.cc', 420, 438 ]
140 silly gunzTarPerm extractEntry deps/winpty/misc/VkEscapeTest.cc
141 silly gunzTarPerm modified mode [ 'deps/winpty/misc/VkEscapeTest.cc', 420, 438 ]
142 silly gunzTarPerm extractEntry deps/winpty/misc/DebugClient.py
143 silly gunzTarPerm modified mode [ 'deps/winpty/misc/DebugClient.py', 420, 438 ]
144 silly gunzTarPerm extractEntry deps/winpty/misc/FormatChar.h
145 silly gunzTarPerm modified mode [ 'deps/winpty/misc/FormatChar.h', 420, 438 ]
146 silly gunzTarPerm extractEntry deps/winpty/misc/SelectAllTest.cc
147 silly gunzTarPerm modified mode [ 'deps/winpty/misc/SelectAllTest.cc', 420, 438 ]
148 silly gunzTarPerm extractEntry deps/winpty/misc/ShowArgv.cc
149 silly gunzTarPerm modified mode [ 'deps/winpty/misc/ShowArgv.cc', 420, 438 ]
150 silly gunzTarPerm extractEntry deps/winpty/misc/ShowConsoleInput.cc
151 silly gunzTarPerm modified mode [ 'deps/winpty/misc/ShowConsoleInput.cc', 420, 438 ]
152 silly gunzTarPerm extractEntry deps/winpty/misc/Spew.py
153 silly gunzTarPerm modified mode [ 'deps/winpty/misc/Spew.py', 420, 438 ]
154 silly gunzTarPerm extractEntry deps/winpty/misc/UnixEcho.cc
155 silly gunzTarPerm modified mode [ 'deps/winpty/misc/UnixEcho.cc', 420, 438 ]
156 silly gunzTarPerm extractEntry deps/winpty/misc/DebugServer.py
157 silly gunzTarPerm modified mode [ 'deps/winpty/misc/DebugServer.py', 420, 438 ]
158 silly gunzTarPerm extractEntry deps/winpty/misc/Win32Echo1.cc
159 silly gunzTarPerm modified mode [ 'deps/winpty/misc/Win32Echo1.cc', 420, 438 ]
160 silly gunzTarPerm extractEntry deps/winpty/misc/Win32Echo2.cc
161 silly gunzTarPerm modified mode [ 'deps/winpty/misc/Win32Echo2.cc', 420, 438 ]
162 silly gunzTarPerm extractEntry deps/winpty/misc/Win32Test1.cc
163 silly gunzTarPerm modified mode [ 'deps/winpty/misc/Win32Test1.cc', 420, 438 ]
164 silly gunzTarPerm extractEntry deps/winpty/misc/Win32Test2.cc
165 silly gunzTarPerm modified mode [ 'deps/winpty/misc/Win32Test2.cc', 420, 438 ]
166 silly gunzTarPerm extractEntry deps/winpty/misc/Win32Test3.cc
167 silly gunzTarPerm modified mode [ 'deps/winpty/misc/Win32Test3.cc', 420, 438 ]
168 silly gunzTarPerm extractEntry deps/winpty/misc/Win32Write1.cc
169 silly gunzTarPerm modified mode [ 'deps/winpty/misc/Win32Write1.cc', 420, 438 ]
170 silly gunzTarPerm extractEntry deps/winpty/misc/build_win32.sh
171 silly gunzTarPerm modified mode [ 'deps/winpty/misc/build_win32.sh', 420, 438 ]
172 silly gunzTarPerm extractEntry deps/winpty/shared/AgentMsg.h
173 silly gunzTarPerm modified mode [ 'deps/winpty/shared/AgentMsg.h', 420, 438 ]
174 silly gunzTarPerm extractEntry deps/winpty/shared/Buffer.h
175 silly gunzTarPerm modified mode [ 'deps/winpty/shared/Buffer.h', 420, 438 ]
176 silly gunzTarPerm extractEntry deps/winpty/shared/DebugClient.cc
177 silly gunzTarPerm modified mode [ 'deps/winpty/shared/DebugClient.cc', 420, 438 ]
178 silly gunzTarPerm extractEntry deps/winpty/shared/DebugClient.h
179 silly gunzTarPerm modified mode [ 'deps/winpty/shared/DebugClient.h', 420, 438 ]
180 silly gunzTarPerm extractEntry deps/winpty/shared/c99_snprintf.h
181 silly gunzTarPerm modified mode [ 'deps/winpty/shared/c99_snprintf.h', 420, 438 ]
182 silly gunzTarPerm extractEntry deps/winpty/unix-adapter/Makefile
183 silly gunzTarPerm modified mode [ 'deps/winpty/unix-adapter/Makefile', 420, 438 ]
184 silly gunzTarPerm extractEntry deps/winpty/unix-adapter/Shared.cc
185 silly gunzTarPerm modified mode [ 'deps/winpty/unix-adapter/Shared.cc', 420, 438 ]
186 silly gunzTarPerm extractEntry deps/winpty/unix-adapter/main.cc
187 silly gunzTarPerm modified mode [ 'deps/winpty/unix-adapter/main.cc', 420, 438 ]
188 silly gunzTarPerm extractEntry deps/winpty/configure
189 silly gunzTarPerm modified mode [ 'deps/winpty/configure', 493, 511 ]
190 silly gunzTarPerm extractEntry binding.gyp
191 silly gunzTarPerm modified mode [ 'binding.gyp', 420, 438 ]
192 silly gunzTarPerm extractEntry Makefile
193 silly gunzTarPerm modified mode [ 'Makefile', 420, 438 ]
194 silly gunzTarPerm extractEntry lib/pty.js
195 silly gunzTarPerm modified mode [ 'lib/pty.js', 420, 438 ]
196 silly gunzTarPerm extractEntry lib/pty_win.js
197 silly gunzTarPerm modified mode [ 'lib/pty_win.js', 420, 438 ]
198 silly gunzTarPerm extractEntry src/unix/pty.cc
199 silly gunzTarPerm modified mode [ 'src/unix/pty.cc', 420, 438 ]
200 silly gunzTarPerm extractEntry src/win/pty.cc
201 silly gunzTarPerm modified mode [ 'src/win/pty.cc', 420, 438 ]
202 silly gunzTarPerm extractEntry wscript
203 silly gunzTarPerm modified mode [ 'wscript', 420, 438 ]
204 verbose write writing to C:\P\fireterm\node_modules\pty.js\package.json
205 info preinstall pty.js@0.3.0
206 verbose readDependencies loading dependencies from C:\P\fireterm\node_modules\pty.js\package.json
207 silly prepareForInstallMany adding extend@~1.2.1 from pty.js dependencies
208 silly prepareForInstallMany adding nan@2.0.5 from pty.js dependencies
209 verbose readDependencies loading dependencies from C:\P\fireterm\node_modules\pty.js\package.json
210 silly cache add args [ 'extend@~1.2.1', null ]
211 verbose cache add spec extend@~1.2.1
212 silly cache add args [ 'nan@2.0.5', null ]
213 verbose cache add spec nan@2.0.5
214 silly cache add parsed spec { raw: 'extend@~1.2.1',
214 silly cache add   scope: null,
214 silly cache add   name: 'extend',
214 silly cache add   rawSpec: '~1.2.1',
214 silly cache add   spec: '>=1.2.1 <1.3.0',
214 silly cache add   type: 'range' }
215 silly addNamed extend@>=1.2.1 <1.3.0
216 verbose addNamed ">=1.2.1 <1.3.0" is a valid semver range for extend
217 silly addNameRange { name: 'extend', range: '>=1.2.1 <1.3.0', hasData: false }
218 silly mapToRegistry name extend
219 silly mapToRegistry using default registry
220 silly mapToRegistry registry https://registry.npmjs.org/
221 silly mapToRegistry uri https://registry.npmjs.org/extend
222 verbose addNameRange registry:https://registry.npmjs.org/extend not in flight; fetching
223 silly cache add parsed spec { raw: 'nan@2.0.5',
223 silly cache add   scope: null,
223 silly cache add   name: 'nan',
223 silly cache add   rawSpec: '2.0.5',
223 silly cache add   spec: '2.0.5',
223 silly cache add   type: 'version' }
224 silly addNamed nan@2.0.5
225 verbose addNamed "2.0.5" is a plain semver version for nan
226 silly mapToRegistry name nan
227 silly mapToRegistry using default registry
228 silly mapToRegistry registry https://registry.npmjs.org/
229 silly mapToRegistry uri https://registry.npmjs.org/nan
230 verbose addNameVersion registry:https://registry.npmjs.org/nan not in flight; fetching
231 verbose request uri https://registry.npmjs.org/nan
232 verbose request no auth needed
233 info attempt registry request try #1 at 01:42:21
234 verbose etag "41PIK59ZUA3ADEJCQ281I0TDQ"
235 http request GET https://registry.npmjs.org/nan
236 verbose request uri https://registry.npmjs.org/extend
237 verbose request no auth needed
238 info attempt registry request try #1 at 01:42:21
239 verbose etag "C1I6NMXYFPLWYM2UZ47VPVXL4"
240 http request GET https://registry.npmjs.org/extend
241 http 304 https://registry.npmjs.org/extend
242 silly get cb [ 304,
242 silly get   { date: 'Tue, 25 Aug 2015 22:42:39 GMT',
242 silly get     via: '1.1 varnish',
242 silly get     'cache-control': 'max-age=60',
242 silly get     etag: '"C1I6NMXYFPLWYM2UZ47VPVXL4"',
242 silly get     age: '47',
242 silly get     connection: 'keep-alive',
242 silly get     'x-served-by': 'cache-ams4129-AMS',
242 silly get     'x-cache': 'HIT',
242 silly get     'x-cache-hits': '1',
242 silly get     'x-timer': 'S1440542559.571297,VS0,VE0',
242 silly get     vary: 'Accept' } ]
243 verbose etag https://registry.npmjs.org/extend from cache
244 verbose get saving extend to C:\Users\uri\AppData\Roaming\npm-cache\registry.npmjs.org\extend\.cache.json
245 silly addNameRange number 2 { name: 'extend', range: '>=1.2.1 <1.3.0', hasData: true }
246 silly addNameRange versions [ 'extend',
246 silly addNameRange   [ '1.0.0',
246 silly addNameRange     '1.1.0',
246 silly addNameRange     '1.1.1',
246 silly addNameRange     '1.1.3',
246 silly addNameRange     '1.2.0',
246 silly addNameRange     '1.2.1',
246 silly addNameRange     '1.3.0',
246 silly addNameRange     '2.0.0',
246 silly addNameRange     '2.0.1',
246 silly addNameRange     '3.0.0' ] ]
247 silly addNamed extend@1.2.1
248 verbose addNamed "1.2.1" is a plain semver version for extend
249 silly cache afterAdd extend@1.2.1
250 verbose afterAdd C:\Users\uri\AppData\Roaming\npm-cache\extend\1.2.1\package\package.json not in flight; writing
251 verbose afterAdd C:\Users\uri\AppData\Roaming\npm-cache\extend\1.2.1\package\package.json written
252 http 304 https://registry.npmjs.org/nan
253 silly get cb [ 304,
253 silly get   { date: 'Tue, 25 Aug 2015 22:42:39 GMT',
253 silly get     via: '1.1 varnish',
253 silly get     'cache-control': 'max-age=60',
253 silly get     etag: '"41PIK59ZUA3ADEJCQ281I0TDQ"',
253 silly get     age: '0',
253 silly get     connection: 'keep-alive',
253 silly get     'x-served-by': 'cache-ams4140-AMS',
253 silly get     'x-cache': 'HIT',
253 silly get     'x-cache-hits': '1',
253 silly get     'x-timer': 'S1440542559.582920,VS0,VE390',
253 silly get     vary: 'Accept' } ]
254 verbose etag https://registry.npmjs.org/nan from cache
255 verbose get saving nan to C:\Users\uri\AppData\Roaming\npm-cache\registry.npmjs.org\nan\.cache.json
256 silly mapToRegistry name nan
257 silly mapToRegistry using default registry
258 silly mapToRegistry registry https://registry.npmjs.org/
259 silly mapToRegistry uri https://registry.npmjs.org/nan
260 verbose addRemoteTarball https://registry.npmjs.org/nan/-/nan-2.0.5.tgz not in flight; adding
261 verbose addRemoteTarball [ 'https://registry.npmjs.org/nan/-/nan-2.0.5.tgz',
261 verbose addRemoteTarball   '365888014be1fd178db0cbfa258edf7b0cb1c408' ]
262 info retry fetch attempt 1 at 01:42:22
263 info attempt registry request try #1 at 01:42:22
264 http fetch GET https://registry.npmjs.org/nan/-/nan-2.0.5.tgz
265 http fetch 200 https://registry.npmjs.org/nan/-/nan-2.0.5.tgz
266 silly fetchAndShaCheck shasum 365888014be1fd178db0cbfa258edf7b0cb1c408
267 verbose addTmpTarball C:\Users\uri\AppData\Local\Temp\npm-6012-91d4bbd3\registry.npmjs.org\nan\-\nan-2.0.5.tgz not in flight; adding
268 verbose addTmpTarball already have metadata; skipping unpack for nan@2.0.5
269 silly cache afterAdd nan@2.0.5
270 verbose afterAdd C:\Users\uri\AppData\Roaming\npm-cache\nan\2.0.5\package\package.json not in flight; writing
271 verbose afterAdd C:\Users\uri\AppData\Roaming\npm-cache\nan\2.0.5\package\package.json written
272 silly install resolved [ { name: 'extend',
272 silly install resolved     author:
272 silly install resolved      { name: 'Stefan Thomas',
272 silly install resolved        email: 'justmoon@members.fsf.org',
272 silly install resolved        url: 'http://www.justmoon.net' },
272 silly install resolved     version: '1.2.1',
272 silly install resolved     description: 'Port of jQuery.extend for Node.js',
272 silly install resolved     main: 'index',
272 silly install resolved     scripts: { test: 'node test/index.js' },
272 silly install resolved     contributors: [ [Object] ],
272 silly install resolved     keywords: [ 'extend', 'clone', 'merge' ],
272 silly install resolved     repository:
272 silly install resolved      { type: 'git',
272 silly install resolved        url: 'git+https://github.com/justmoon/node-extend.git' },
272 silly install resolved     dependencies: {},
272 silly install resolved     devDependencies: { tape: '~1.1.0' },
272 silly install resolved     bugs: { url: 'https://github.com/justmoon/node-extend/issues' },
272 silly install resolved     _id: 'extend@1.2.1',
272 silly install resolved     dist:
272 silly install resolved      { shasum: 'a0f5fd6cfc83a5fe49ef698d60ec8a624dd4576c',
272 silly install resolved        tarball: 'http://registry.npmjs.org/extend/-/extend-1.2.1.tgz' },
272 silly install resolved     _from: 'extend@>=1.2.1 <1.3.0',
272 silly install resolved     _npmVersion: '1.3.8',
272 silly install resolved     _npmUser: { name: 'ljharb', email: 'ljharb@gmail.com' },
272 silly install resolved     maintainers: [ [Object], [Object] ],
272 silly install resolved     directories: {},
272 silly install resolved     _shasum: 'a0f5fd6cfc83a5fe49ef698d60ec8a624dd4576c',
272 silly install resolved     _resolved: 'https://registry.npmjs.org/extend/-/extend-1.2.1.tgz',
272 silly install resolved     readme: 'ERROR: No README data found!',
272 silly install resolved     homepage: 'https://github.com/justmoon/node-extend' },
272 silly install resolved   { name: 'nan',
272 silly install resolved     version: '2.0.5',
272 silly install resolved     description: 'Native Abstractions for Node.js: C++ header for Node 0.8->0.12 compatibility',
272 silly install resolved     main: 'include_dirs.js',
272 silly install resolved     repository: { type: 'git', url: 'git://github.com/nodejs/nan.git' },
272 silly install resolved     scripts:
272 silly install resolved      { test: 'tap --gc test/js/*-test.js',
272 silly install resolved        'rebuild-tests': 'pangyp rebuild --msvs_version=2013 --directory test',
272 silly install resolved        docs: 'doc/.build.sh' },
272 silly install resolved     contributors:
272 silly install resolved      [ [Object],
272 silly install resolved        [Object],
272 silly install resolved        [Object],
272 silly install resolved        [Object],
272 silly install resolved        [Object],
272 silly install resolved        [Object],
272 silly install resolved        [Object] ],
272 silly install resolved     devDependencies:
272 silly install resolved      { bindings: '~1.2.1',
272 silly install resolved        'node-gyp': '~2.0.2',
272 silly install resolved        pangyp: '~2.2.0',
272 silly install resolved        tap: '~0.7.1',
272 silly install resolved        xtend: '~4.0.0' },
272 silly install resolved     license: 'MIT',
272 silly install resolved     gitHead: 'd13a2e9ce762fd130877b53c71d35963fa2cf689',
272 silly install resolved     bugs: { url: 'https://github.com/nodejs/nan/issues' },
272 silly install resolved     homepage: 'https://github.com/nodejs/nan#readme',
272 silly install resolved     _id: 'nan@2.0.5',
272 silly install resolved     _shasum: '365888014be1fd178db0cbfa258edf7b0cb1c408',
272 silly install resolved     _from: 'nan@2.0.5',
272 silly install resolved     _npmVersion: '2.13.3',
272 silly install resolved     _nodeVersion: '3.0.0',
272 silly install resolved     _npmUser: { name: 'kkoopa', email: 'bbyholm@abo.fi' },
272 silly install resolved     maintainers: [ [Object], [Object] ],
272 silly install resolved     dist:
272 silly install resolved      { shasum: '365888014be1fd178db0cbfa258edf7b0cb1c408',
272 silly install resolved        tarball: 'http://registry.npmjs.org/nan/-/nan-2.0.5.tgz' },
272 silly install resolved     directories: {},
272 silly install resolved     _resolved: 'https://registry.npmjs.org/nan/-/nan-2.0.5.tgz' } ]
273 info install extend@1.2.1 into C:\P\fireterm\node_modules\pty.js
274 info install nan@2.0.5 into C:\P\fireterm\node_modules\pty.js
275 info installOne extend@1.2.1
276 verbose installOne of extend to C:\P\fireterm\node_modules\pty.js not in flight; installing
277 info installOne nan@2.0.5
278 verbose installOne of nan to C:\P\fireterm\node_modules\pty.js not in flight; installing
279 verbose lock using C:\Users\uri\AppData\Roaming\npm-cache\_locks\extend-12866810ab12b05c.lock for C:\P\fireterm\node_modules\pty.js\node_modules\extend
280 silly install write writing extend 1.2.1 to C:\P\fireterm\node_modules\pty.js\node_modules\extend
281 verbose lock using C:\Users\uri\AppData\Roaming\npm-cache\_locks\nan-b677c1a9029f252b.lock for C:\P\fireterm\node_modules\pty.js\node_modules\nan
282 silly install write writing nan 2.0.5 to C:\P\fireterm\node_modules\pty.js\node_modules\nan
283 verbose unbuild node_modules\pty.js\node_modules\extend
284 verbose unbuild node_modules\pty.js\node_modules\nan
285 silly gentlyRm C:\P\fireterm\node_modules\pty.js\node_modules\extend is being purged from base C:\P\fireterm
286 verbose gentlyRm don't care about contents; nuking C:\P\fireterm\node_modules\pty.js\node_modules\extend
287 silly gentlyRm C:\P\fireterm\node_modules\pty.js\node_modules\nan is being purged from base C:\P\fireterm
288 verbose gentlyRm don't care about contents; nuking C:\P\fireterm\node_modules\pty.js\node_modules\nan
289 verbose tar unpack C:\Users\uri\AppData\Roaming\npm-cache\extend\1.2.1\package.tgz
290 verbose tar unpacking to C:\P\fireterm\node_modules\pty.js\node_modules\extend
291 silly gentlyRm C:\P\fireterm\node_modules\pty.js\node_modules\extend is being purged
292 verbose gentlyRm don't care about contents; nuking C:\P\fireterm\node_modules\pty.js\node_modules\extend
293 verbose tar unpack C:\Users\uri\AppData\Roaming\npm-cache\nan\2.0.5\package.tgz
294 verbose tar unpacking to C:\P\fireterm\node_modules\pty.js\node_modules\nan
295 silly gentlyRm C:\P\fireterm\node_modules\pty.js\node_modules\nan is being purged
296 verbose gentlyRm don't care about contents; nuking C:\P\fireterm\node_modules\pty.js\node_modules\nan
297 silly gunzTarPerm modes [ '777', '666' ]
298 silly gunzTarPerm modes [ '777', '666' ]
299 silly gunzTarPerm extractEntry package.json
300 silly gunzTarPerm modified mode [ 'package.json', 436, 438 ]
301 silly gunzTarPerm extractEntry README.md
302 silly gunzTarPerm modified mode [ 'README.md', 436, 438 ]
303 silly gunzTarPerm extractEntry include_dirs.js
304 silly gunzTarPerm modified mode [ 'include_dirs.js', 436, 438 ]
305 silly gunzTarPerm extractEntry package.json
306 silly gunzTarPerm modified mode [ 'package.json', 420, 438 ]
307 silly gunzTarPerm extractEntry .npmignore
308 silly gunzTarPerm modified mode [ '.npmignore', 420, 438 ]
309 silly gunzTarPerm extractEntry README.md
310 silly gunzTarPerm modified mode [ 'README.md', 420, 438 ]
311 silly gunzTarPerm extractEntry nan_converters.h
312 silly gunzTarPerm modified mode [ 'nan_converters.h', 436, 438 ]
313 silly gunzTarPerm extractEntry LICENSE.md
314 silly gunzTarPerm modified mode [ 'LICENSE.md', 436, 438 ]
315 silly gunzTarPerm extractEntry .dntrc
316 silly gunzTarPerm modified mode [ '.dntrc', 436, 438 ]
317 silly gunzTarPerm extractEntry index.js
318 silly gunzTarPerm modified mode [ 'index.js', 420, 438 ]
319 silly gunzTarPerm extractEntry .travis.yml
320 silly gunzTarPerm modified mode [ '.travis.yml', 420, 438 ]
321 silly gunzTarPerm extractEntry appveyor.yml
322 silly gunzTarPerm modified mode [ 'appveyor.yml', 436, 438 ]
323 silly gunzTarPerm extractEntry doc/new.md
324 silly gunzTarPerm modified mode [ 'doc/new.md', 436, 438 ]
325 silly gunzTarPerm extractEntry doc/.build.sh
326 silly gunzTarPerm modified mode [ 'doc/.build.sh', 509, 511 ]
327 silly gunzTarPerm extractEntry doc/buffers.md
328 silly gunzTarPerm modified mode [ 'doc/buffers.md', 436, 438 ]
329 silly gunzTarPerm extractEntry doc/callback.md
330 silly gunzTarPerm modified mode [ 'doc/callback.md', 436, 438 ]
331 silly gunzTarPerm extractEntry doc/converters.md
332 silly gunzTarPerm modified mode [ 'doc/converters.md', 436, 438 ]
333 silly gunzTarPerm extractEntry doc/errors.md
334 silly gunzTarPerm modified mode [ 'doc/errors.md', 436, 438 ]
335 verbose write writing to C:\P\fireterm\node_modules\pty.js\node_modules\extend\package.json
336 info preinstall extend@1.2.1
337 verbose readDependencies loading dependencies from C:\P\fireterm\node_modules\pty.js\node_modules\extend\package.json
338 verbose readDependencies loading dependencies from C:\P\fireterm\node_modules\pty.js\node_modules\extend\package.json
339 silly gunzTarPerm extractEntry doc/maybe_types.md
340 silly gunzTarPerm modified mode [ 'doc/maybe_types.md', 436, 438 ]
341 silly gunzTarPerm extractEntry doc/methods.md
342 silly gunzTarPerm modified mode [ 'doc/methods.md', 436, 438 ]
343 silly install resolved []
344 verbose about to build C:\P\fireterm\node_modules\pty.js\node_modules\extend
345 info build C:\P\fireterm\node_modules\pty.js\node_modules\extend
346 info linkStuff extend@1.2.1
347 silly linkStuff extend@1.2.1 has C:\P\fireterm\node_modules\pty.js\node_modules as its parent node_modules
348 verbose linkBins extend@1.2.1
349 verbose linkMans extend@1.2.1
350 verbose rebuildBundles extend@1.2.1
351 silly gunzTarPerm extractEntry doc/asyncworker.md
352 silly gunzTarPerm modified mode [ 'doc/asyncworker.md', 436, 438 ]
353 silly gunzTarPerm extractEntry doc/node_misc.md
354 silly gunzTarPerm modified mode [ 'doc/node_misc.md', 436, 438 ]
355 info install extend@1.2.1
356 info postinstall extend@1.2.1
357 verbose unlock done using C:\Users\uri\AppData\Roaming\npm-cache\_locks\extend-12866810ab12b05c.lock for C:\P\fireterm\node_modules\pty.js\node_modules\extend
358 silly gunzTarPerm extractEntry doc/persistent.md
359 silly gunzTarPerm modified mode [ 'doc/persistent.md', 436, 438 ]
360 silly gunzTarPerm extractEntry doc/scopes.md
361 silly gunzTarPerm modified mode [ 'doc/scopes.md', 436, 438 ]
362 silly gunzTarPerm extractEntry doc/script.md
363 silly gunzTarPerm modified mode [ 'doc/script.md', 436, 438 ]
364 silly gunzTarPerm extractEntry doc/string_bytes.md
365 silly gunzTarPerm modified mode [ 'doc/string_bytes.md', 436, 438 ]
366 silly gunzTarPerm extractEntry doc/v8_internals.md
367 silly gunzTarPerm modified mode [ 'doc/v8_internals.md', 436, 438 ]
368 silly gunzTarPerm extractEntry doc/v8_misc.md
369 silly gunzTarPerm modified mode [ 'doc/v8_misc.md', 436, 438 ]
370 silly gunzTarPerm extractEntry nan.h
371 silly gunzTarPerm modified mode [ 'nan.h', 436, 438 ]
372 silly gunzTarPerm extractEntry nan_callbacks.h
373 silly gunzTarPerm modified mode [ 'nan_callbacks.h', 436, 438 ]
374 silly gunzTarPerm extractEntry nan_callbacks_12_inl.h
375 silly gunzTarPerm modified mode [ 'nan_callbacks_12_inl.h', 436, 438 ]
376 silly gunzTarPerm extractEntry nan_callbacks_pre_12_inl.h
377 silly gunzTarPerm modified mode [ 'nan_callbacks_pre_12_inl.h', 436, 438 ]
378 silly gunzTarPerm extractEntry nan_converters_43_inl.h
379 silly gunzTarPerm modified mode [ 'nan_converters_43_inl.h', 436, 438 ]
380 silly gunzTarPerm extractEntry nan_converters_pre_43_inl.h
381 silly gunzTarPerm modified mode [ 'nan_converters_pre_43_inl.h', 436, 438 ]
382 silly gunzTarPerm extractEntry nan_implementation_12_inl.h
383 silly gunzTarPerm modified mode [ 'nan_implementation_12_inl.h', 436, 438 ]
384 silly gunzTarPerm extractEntry nan_implementation_pre_12_inl.h
385 silly gunzTarPerm modified mode [ 'nan_implementation_pre_12_inl.h', 436, 438 ]
386 silly gunzTarPerm extractEntry nan_maybe_43_inl.h
387 silly gunzTarPerm modified mode [ 'nan_maybe_43_inl.h', 436, 438 ]
388 silly gunzTarPerm extractEntry nan_maybe_pre_43_inl.h
389 silly gunzTarPerm modified mode [ 'nan_maybe_pre_43_inl.h', 436, 438 ]
390 silly gunzTarPerm extractEntry nan_new.h
391 silly gunzTarPerm modified mode [ 'nan_new.h', 436, 438 ]
392 silly gunzTarPerm extractEntry nan_object_wrap.h
393 silly gunzTarPerm modified mode [ 'nan_object_wrap.h', 436, 438 ]
394 silly gunzTarPerm extractEntry nan_persistent_12_inl.h
395 silly gunzTarPerm modified mode [ 'nan_persistent_12_inl.h', 436, 438 ]
396 silly gunzTarPerm extractEntry nan_persistent_pre_12_inl.h
397 silly gunzTarPerm modified mode [ 'nan_persistent_pre_12_inl.h', 436, 438 ]
398 silly gunzTarPerm extractEntry nan_string_bytes.h
399 silly gunzTarPerm modified mode [ 'nan_string_bytes.h', 436, 438 ]
400 silly gunzTarPerm extractEntry nan_weak.h
401 silly gunzTarPerm modified mode [ 'nan_weak.h', 436, 438 ]
402 silly gunzTarPerm extractEntry CHANGELOG.md
403 silly gunzTarPerm modified mode [ 'CHANGELOG.md', 436, 438 ]
404 silly gunzTarPerm extractEntry tools/package.json
405 silly gunzTarPerm modified mode [ 'tools/package.json', 436, 438 ]
406 silly gunzTarPerm extractEntry tools/README.md
407 silly gunzTarPerm modified mode [ 'tools/README.md', 436, 438 ]
408 silly gunzTarPerm extractEntry tools/1to2.js
409 silly gunzTarPerm modified mode [ 'tools/1to2.js', 509, 511 ]
410 verbose write writing to C:\P\fireterm\node_modules\pty.js\node_modules\nan\package.json
411 info preinstall nan@2.0.5
412 verbose readDependencies loading dependencies from C:\P\fireterm\node_modules\pty.js\node_modules\nan\package.json
413 verbose readDependencies loading dependencies from C:\P\fireterm\node_modules\pty.js\node_modules\nan\package.json
414 silly install resolved []
415 verbose about to build C:\P\fireterm\node_modules\pty.js\node_modules\nan
416 info build C:\P\fireterm\node_modules\pty.js\node_modules\nan
417 info linkStuff nan@2.0.5
418 silly linkStuff nan@2.0.5 has C:\P\fireterm\node_modules\pty.js\node_modules as its parent node_modules
419 verbose linkBins nan@2.0.5
420 verbose linkMans nan@2.0.5
421 verbose rebuildBundles nan@2.0.5
422 info install nan@2.0.5
423 info postinstall nan@2.0.5
424 verbose unlock done using C:\Users\uri\AppData\Roaming\npm-cache\_locks\nan-b677c1a9029f252b.lock for C:\P\fireterm\node_modules\pty.js\node_modules\nan
425 verbose about to build C:\P\fireterm\node_modules\pty.js
426 info build C:\P\fireterm\node_modules\pty.js
427 info linkStuff pty.js@0.3.0
428 silly linkStuff pty.js@0.3.0 has C:\P\fireterm\node_modules as its parent node_modules
429 verbose linkBins pty.js@0.3.0
430 verbose linkMans pty.js@0.3.0
431 verbose rebuildBundles pty.js@0.3.0
432 verbose rebuildBundles [ 'extend', 'nan' ]
433 info install pty.js@0.3.0
434 verbose unsafe-perm in lifecycle true
435 info pty.js@0.3.0 Failed to exec install script
436 verbose unlock done using C:\Users\uri\AppData\Roaming\npm-cache\_locks\pty-js-680f912ffb47a79d.lock for C:\P\fireterm\node_modules\pty.js
437 verbose stack Error: pty.js@0.3.0 install: `node-gyp rebuild`
437 verbose stack Exit status 1
437 verbose stack     at EventEmitter.<anonymous> (C:\Program Files\nodejs\node_modules\npm\lib\utils\lifecycle.js:213:16)
437 verbose stack     at EventEmitter.emit (events.js:110:17)
437 verbose stack     at ChildProcess.<anonymous> (C:\Program Files\nodejs\node_modules\npm\lib\utils\spawn.js:24:14)
437 verbose stack     at ChildProcess.emit (events.js:110:17)
437 verbose stack     at maybeClose (child_process.js:1015:16)
437 verbose stack     at Process.ChildProcess._handle.onexit (child_process.js:1087:5)
438 verbose pkgid pty.js@0.3.0
439 verbose cwd C:\P\fireterm\server
440 error Windows_NT 6.3.9600
441 error argv "C:\\Program Files\\nodejs\\\\node.exe" "C:\\Program Files\\nodejs\\node_modules\\npm\\bin\\npm-cli.js" "i" "-S" "pty.js"
442 error node v0.12.7
443 error npm  v2.11.3
444 error code ELIFECYCLE
445 error pty.js@0.3.0 install: `node-gyp rebuild`
445 error Exit status 1
446 error Failed at the pty.js@0.3.0 install script 'node-gyp rebuild'.
446 error This is most likely a problem with the pty.js package,
446 error not with npm itself.
446 error Tell the author that this fails on your system:
446 error     node-gyp rebuild
446 error You can get their info via:
446 error     npm owner ls pty.js
446 error There is likely additional logging output above.
447 verbose exit [ 1, true ]
448 verbose unbuild node_modules\pty.js
449 info preuninstall pty.js@0.3.0
450 info uninstall pty.js@0.3.0
451 verbose unbuild rmStuff pty.js@0.3.0 from C:\P\fireterm\node_modules
452 info postuninstall pty.js@0.3.0
453 silly gentlyRm C:\P\fireterm\node_modules\pty.js is being purged from base C:\P\fireterm
454 verbose gentlyRm don't care about contents; nuking C:\P\fireterm\node_modules\pty.js
455 silly vacuum-fs purging C:\P\fireterm\node_modules\pty.js
456 silly vacuum-fs quitting because other entries in C:\P\fireterm\node_modules
